<<<<<<< HEAD
Base path: C:/Program Files/Unity 5/Editor/Data
Pipe name: \\.\pipe\UnityShaderCompiler-32bit-1-10308
=======
Base path: C:/Program Files/Unity/Editor/Data
<<<<<<< HEAD
Pipe name: \\.\pipe\UnityShaderCompiler-32bit-1-4080
=======
<<<<<<< HEAD
Pipe name: \\.\pipe\UnityShaderCompiler-32bit-1-2024
=======
Pipe name: \\.\pipe\UnityShaderCompiler-32bit-1-5892
=======
Base path: C:/Program Files/Unity 5/Editor/Data
<<<<<<< HEAD
Pipe name: \\.\pipe\UnityShaderCompiler-32bit-1-7672
=======
Pipe name: \\.\pipe\UnityShaderCompiler-32bit-1-6784
>>>>>>> origin/Rollback
>>>>>>> origin/Rollback
>>>>>>> origin/Rollback
>>>>>>> origin/Rollback
>>>>>>> origin/Rollback
Cmd: getPlatforms
Unhandled exception: Readfile from pipe failed. GLE=파이프가 끝났습니다.


Quitting shader compiler process
